<?xml version="1.0" encoding="UTF-8"?>
<!-- Generated by org.testng.reporters.JUnitXMLReporter -->
<testsuite hostname="INsaikrisv.local" name="Default test" tests="3" failures="3" timestamp="11 Aug 2015 13:58:50 GMT" time="202.829" errors="0">
  <testcase name="testApp" time="65.677" classname="com.bmo.tests.StandardTest">
    <failure type="org.openqa.selenium.ElementNotVisibleException" message="element not visible
  (Session info: chrome=44.0.2403.130)
  (Driver info: chromedriver=2.16.333243 (0bfa1d3575fc1044244f21ddb82bf870944ef961),platform=Mac OS X 10.10.4 x86_64) (WARNING: The server did not provide any stacktrace information)
Command duration or timeout: 18 milliseconds
Build info: version: &amp;apos;2.47.1&amp;apos;, revision: &amp;apos;unknown&amp;apos;, time: &amp;apos;2015-07-30 11:02:44&amp;apos;
System info: host: &amp;apos;INsaikrisv.local&amp;apos;, ip: &amp;apos;192.168.1.6&amp;apos;, os.name: &amp;apos;Mac OS X&amp;apos;, os.arch: &amp;apos;x86_64&amp;apos;, os.version: &amp;apos;10.10.4&amp;apos;, java.version: &amp;apos;1.8.0_51&amp;apos;
Driver info: org.openqa.selenium.chrome.ChromeDriver
Capabilities [{applicationCacheEnabled=false, rotatable=false, mobileEmulationEnabled=false, chrome={userDataDir=/var/folders/wd/9s7s80fd66j88vf5119rwt300000gp/T/.org.chromium.Chromium.X24LFe}, takesHeapSnapshot=true, databaseEnabled=false, handlesAlerts=true, hasTouchScreen=false, version=44.0.2403.130, platform=MAC, browserConnectionEnabled=false, nativeEvents=true, acceptSslCerts=true, locationContextEnabled=true, webStorageEnabled=true, browserName=chrome, takesScreenshot=true, javascriptEnabled=true, cssSelectorsEnabled=true}]
Session ID: 8b5378eb6069459bfecb861d51d39226">
      <![CDATA[org.openqa.selenium.ElementNotVisibleException: element not visible
  (Session info: chrome=44.0.2403.130)
  (Driver info: chromedriver=2.16.333243 (0bfa1d3575fc1044244f21ddb82bf870944ef961),platform=Mac OS X 10.10.4 x86_64) (WARNING: The server did not provide any stacktrace information)
Command duration or timeout: 18 milliseconds
Build info: version: '2.47.1', revision: 'unknown', time: '2015-07-30 11:02:44'
System info: host: 'INsaikrisv.local', ip: '192.168.1.6', os.name: 'Mac OS X', os.arch: 'x86_64', os.version: '10.10.4', java.version: '1.8.0_51'
Driver info: org.openqa.selenium.chrome.ChromeDriver
Capabilities [{applicationCacheEnabled=false, rotatable=false, mobileEmulationEnabled=false, chrome={userDataDir=/var/folders/wd/9s7s80fd66j88vf5119rwt300000gp/T/.org.chromium.Chromium.X24LFe}, takesHeapSnapshot=true, databaseEnabled=false, handlesAlerts=true, hasTouchScreen=false, version=44.0.2403.130, platform=MAC, browserConnectionEnabled=false, nativeEvents=true, acceptSslCerts=true, locationContextEnabled=true, webStorageEnabled=true, browserName=chrome, takesScreenshot=true, javascriptEnabled=true, cssSelectorsEnabled=true}]
Session ID: 8b5378eb6069459bfecb861d51d39226
	at sun.reflect.NativeConstructorAccessorImpl.newInstance0(Native Method)
	at sun.reflect.NativeConstructorAccessorImpl.newInstance(NativeConstructorAccessorImpl.java:62)
	at sun.reflect.DelegatingConstructorAccessorImpl.newInstance(DelegatingConstructorAccessorImpl.java:45)
	at java.lang.reflect.Constructor.newInstance(Constructor.java:422)
	at org.openqa.selenium.remote.ErrorHandler.createThrowable(ErrorHandler.java:206)
	at org.openqa.selenium.remote.ErrorHandler.throwIfResponseFailed(ErrorHandler.java:158)
	at org.openqa.selenium.remote.RemoteWebDriver.execute(RemoteWebDriver.java:595)
	at org.openqa.selenium.remote.RemoteWebElement.execute(RemoteWebElement.java:273)
	at org.openqa.selenium.remote.RemoteWebElement.click(RemoteWebElement.java:84)
	at com.bmo.pages.StandardPage.enterFinancialInformation(StandardPage.java:158)
	at com.bmo.tests.StandardTest.testApp(StandardTest.java:19)
	at sun.reflect.NativeMethodAccessorImpl.invoke0(Native Method)
	at sun.reflect.NativeMethodAccessorImpl.invoke(NativeMethodAccessorImpl.java:62)
	at sun.reflect.DelegatingMethodAccessorImpl.invoke(DelegatingMethodAccessorImpl.java:43)
	at java.lang.reflect.Method.invoke(Method.java:497)
	at org.testng.internal.MethodInvocationHelper.invokeMethod(MethodInvocationHelper.java:85)
	at org.testng.internal.Invoker.invokeMethod(Invoker.java:648)
	at org.testng.internal.Invoker.invokeTestMethod(Invoker.java:834)
	at org.testng.internal.Invoker.invokeTestMethods(Invoker.java:1142)
	at org.testng.internal.TestMethodWorker.invokeTestMethods(TestMethodWorker.java:124)
	at org.testng.internal.TestMethodWorker.run(TestMethodWorker.java:108)
	at org.testng.TestRunner.privateRun(TestRunner.java:771)
	at org.testng.TestRunner.run(TestRunner.java:621)
	at org.testng.SuiteRunner.runTest(SuiteRunner.java:357)
	at org.testng.SuiteRunner.runSequentially(SuiteRunner.java:352)
	at org.testng.SuiteRunner.privateRun(SuiteRunner.java:310)
	at org.testng.SuiteRunner.run(SuiteRunner.java:259)
	at org.testng.SuiteRunnerWorker.runSuite(SuiteRunnerWorker.java:52)
	at org.testng.SuiteRunnerWorker.run(SuiteRunnerWorker.java:86)
	at org.testng.TestNG.runSuitesSequentially(TestNG.java:1176)
	at org.testng.TestNG.runSuitesLocally(TestNG.java:1101)
	at org.testng.TestNG.run(TestNG.java:1009)
	at org.testng.remote.RemoteTestNG.run(RemoteTestNG.java:111)
	at org.testng.remote.RemoteTestNG.initAndRun(RemoteTestNG.java:204)
	at org.testng.remote.RemoteTestNG.main(RemoteTestNG.java:175)
]]>
    </failure>
  </testcase> <!-- testApp -->
  <testcase name="testApp" time="60.134" classname="com.bmo.tests.StandardTest">
    <failure type="org.openqa.selenium.ElementNotVisibleException" message="element not visible
  (Session info: chrome=44.0.2403.130)
  (Driver info: chromedriver=2.16.333243 (0bfa1d3575fc1044244f21ddb82bf870944ef961),platform=Mac OS X 10.10.4 x86_64) (WARNING: The server did not provide any stacktrace information)
Command duration or timeout: 25 milliseconds
Build info: version: &amp;apos;2.47.1&amp;apos;, revision: &amp;apos;unknown&amp;apos;, time: &amp;apos;2015-07-30 11:02:44&amp;apos;
System info: host: &amp;apos;INsaikrisv.local&amp;apos;, ip: &amp;apos;192.168.1.6&amp;apos;, os.name: &amp;apos;Mac OS X&amp;apos;, os.arch: &amp;apos;x86_64&amp;apos;, os.version: &amp;apos;10.10.4&amp;apos;, java.version: &amp;apos;1.8.0_51&amp;apos;
Driver info: org.openqa.selenium.chrome.ChromeDriver
Capabilities [{applicationCacheEnabled=false, rotatable=false, mobileEmulationEnabled=false, chrome={userDataDir=/var/folders/wd/9s7s80fd66j88vf5119rwt300000gp/T/.org.chromium.Chromium.8IAGPF}, takesHeapSnapshot=true, databaseEnabled=false, handlesAlerts=true, hasTouchScreen=false, version=44.0.2403.130, platform=MAC, browserConnectionEnabled=false, nativeEvents=true, acceptSslCerts=true, locationContextEnabled=true, webStorageEnabled=true, browserName=chrome, takesScreenshot=true, javascriptEnabled=true, cssSelectorsEnabled=true}]
Session ID: e6aa40e5a9c5c9e7049a4206b7e5df30">
      <![CDATA[org.openqa.selenium.ElementNotVisibleException: element not visible
  (Session info: chrome=44.0.2403.130)
  (Driver info: chromedriver=2.16.333243 (0bfa1d3575fc1044244f21ddb82bf870944ef961),platform=Mac OS X 10.10.4 x86_64) (WARNING: The server did not provide any stacktrace information)
Command duration or timeout: 25 milliseconds
Build info: version: '2.47.1', revision: 'unknown', time: '2015-07-30 11:02:44'
System info: host: 'INsaikrisv.local', ip: '192.168.1.6', os.name: 'Mac OS X', os.arch: 'x86_64', os.version: '10.10.4', java.version: '1.8.0_51'
Driver info: org.openqa.selenium.chrome.ChromeDriver
Capabilities [{applicationCacheEnabled=false, rotatable=false, mobileEmulationEnabled=false, chrome={userDataDir=/var/folders/wd/9s7s80fd66j88vf5119rwt300000gp/T/.org.chromium.Chromium.8IAGPF}, takesHeapSnapshot=true, databaseEnabled=false, handlesAlerts=true, hasTouchScreen=false, version=44.0.2403.130, platform=MAC, browserConnectionEnabled=false, nativeEvents=true, acceptSslCerts=true, locationContextEnabled=true, webStorageEnabled=true, browserName=chrome, takesScreenshot=true, javascriptEnabled=true, cssSelectorsEnabled=true}]
Session ID: e6aa40e5a9c5c9e7049a4206b7e5df30
	at sun.reflect.NativeConstructorAccessorImpl.newInstance0(Native Method)
	at sun.reflect.NativeConstructorAccessorImpl.newInstance(NativeConstructorAccessorImpl.java:62)
	at sun.reflect.DelegatingConstructorAccessorImpl.newInstance(DelegatingConstructorAccessorImpl.java:45)
	at java.lang.reflect.Constructor.newInstance(Constructor.java:422)
	at org.openqa.selenium.remote.ErrorHandler.createThrowable(ErrorHandler.java:206)
	at org.openqa.selenium.remote.ErrorHandler.throwIfResponseFailed(ErrorHandler.java:158)
	at org.openqa.selenium.remote.RemoteWebDriver.execute(RemoteWebDriver.java:595)
	at org.openqa.selenium.remote.RemoteWebElement.execute(RemoteWebElement.java:273)
	at org.openqa.selenium.remote.RemoteWebElement.click(RemoteWebElement.java:84)
	at com.bmo.pages.StandardPage.enterFinancialInformation(StandardPage.java:158)
	at com.bmo.tests.StandardTest.testApp(StandardTest.java:19)
	at sun.reflect.NativeMethodAccessorImpl.invoke0(Native Method)
	at sun.reflect.NativeMethodAccessorImpl.invoke(NativeMethodAccessorImpl.java:62)
	at sun.reflect.DelegatingMethodAccessorImpl.invoke(DelegatingMethodAccessorImpl.java:43)
	at java.lang.reflect.Method.invoke(Method.java:497)
	at org.testng.internal.MethodInvocationHelper.invokeMethod(MethodInvocationHelper.java:85)
	at org.testng.internal.Invoker.invokeMethod(Invoker.java:648)
	at org.testng.internal.Invoker.invokeTestMethod(Invoker.java:834)
	at org.testng.internal.Invoker.invokeTestMethods(Invoker.java:1142)
	at org.testng.internal.TestMethodWorker.invokeTestMethods(TestMethodWorker.java:124)
	at org.testng.internal.TestMethodWorker.run(TestMethodWorker.java:108)
	at org.testng.TestRunner.privateRun(TestRunner.java:771)
	at org.testng.TestRunner.run(TestRunner.java:621)
	at org.testng.SuiteRunner.runTest(SuiteRunner.java:357)
	at org.testng.SuiteRunner.runSequentially(SuiteRunner.java:352)
	at org.testng.SuiteRunner.privateRun(SuiteRunner.java:310)
	at org.testng.SuiteRunner.run(SuiteRunner.java:259)
	at org.testng.SuiteRunnerWorker.runSuite(SuiteRunnerWorker.java:52)
	at org.testng.SuiteRunnerWorker.run(SuiteRunnerWorker.java:86)
	at org.testng.TestNG.runSuitesSequentially(TestNG.java:1176)
	at org.testng.TestNG.runSuitesLocally(TestNG.java:1101)
	at org.testng.TestNG.run(TestNG.java:1009)
	at org.testng.remote.RemoteTestNG.run(RemoteTestNG.java:111)
	at org.testng.remote.RemoteTestNG.initAndRun(RemoteTestNG.java:204)
	at org.testng.remote.RemoteTestNG.main(RemoteTestNG.java:175)
]]>
    </failure>
  </testcase> <!-- testApp -->
  <testcase name="testApp" time="66.473" classname="com.bmo.tests.StandardTest">
    <failure type="org.openqa.selenium.ElementNotVisibleException" message="element not visible
  (Session info: chrome=44.0.2403.130)
  (Driver info: chromedriver=2.16.333243 (0bfa1d3575fc1044244f21ddb82bf870944ef961),platform=Mac OS X 10.10.4 x86_64) (WARNING: The server did not provide any stacktrace information)
Command duration or timeout: 25 milliseconds
Build info: version: &amp;apos;2.47.1&amp;apos;, revision: &amp;apos;unknown&amp;apos;, time: &amp;apos;2015-07-30 11:02:44&amp;apos;
System info: host: &amp;apos;INsaikrisv.local&amp;apos;, ip: &amp;apos;192.168.1.6&amp;apos;, os.name: &amp;apos;Mac OS X&amp;apos;, os.arch: &amp;apos;x86_64&amp;apos;, os.version: &amp;apos;10.10.4&amp;apos;, java.version: &amp;apos;1.8.0_51&amp;apos;
Driver info: org.openqa.selenium.chrome.ChromeDriver
Capabilities [{applicationCacheEnabled=false, rotatable=false, mobileEmulationEnabled=false, chrome={userDataDir=/var/folders/wd/9s7s80fd66j88vf5119rwt300000gp/T/.org.chromium.Chromium.ILhCI6}, takesHeapSnapshot=true, databaseEnabled=false, handlesAlerts=true, hasTouchScreen=false, version=44.0.2403.130, platform=MAC, browserConnectionEnabled=false, nativeEvents=true, acceptSslCerts=true, locationContextEnabled=true, webStorageEnabled=true, browserName=chrome, takesScreenshot=true, javascriptEnabled=true, cssSelectorsEnabled=true}]
Session ID: 18aa8c69e768ab416f2e0379c5d72535">
      <![CDATA[org.openqa.selenium.ElementNotVisibleException: element not visible
  (Session info: chrome=44.0.2403.130)
  (Driver info: chromedriver=2.16.333243 (0bfa1d3575fc1044244f21ddb82bf870944ef961),platform=Mac OS X 10.10.4 x86_64) (WARNING: The server did not provide any stacktrace information)
Command duration or timeout: 25 milliseconds
Build info: version: '2.47.1', revision: 'unknown', time: '2015-07-30 11:02:44'
System info: host: 'INsaikrisv.local', ip: '192.168.1.6', os.name: 'Mac OS X', os.arch: 'x86_64', os.version: '10.10.4', java.version: '1.8.0_51'
Driver info: org.openqa.selenium.chrome.ChromeDriver
Capabilities [{applicationCacheEnabled=false, rotatable=false, mobileEmulationEnabled=false, chrome={userDataDir=/var/folders/wd/9s7s80fd66j88vf5119rwt300000gp/T/.org.chromium.Chromium.ILhCI6}, takesHeapSnapshot=true, databaseEnabled=false, handlesAlerts=true, hasTouchScreen=false, version=44.0.2403.130, platform=MAC, browserConnectionEnabled=false, nativeEvents=true, acceptSslCerts=true, locationContextEnabled=true, webStorageEnabled=true, browserName=chrome, takesScreenshot=true, javascriptEnabled=true, cssSelectorsEnabled=true}]
Session ID: 18aa8c69e768ab416f2e0379c5d72535
	at sun.reflect.NativeConstructorAccessorImpl.newInstance0(Native Method)
	at sun.reflect.NativeConstructorAccessorImpl.newInstance(NativeConstructorAccessorImpl.java:62)
	at sun.reflect.DelegatingConstructorAccessorImpl.newInstance(DelegatingConstructorAccessorImpl.java:45)
	at java.lang.reflect.Constructor.newInstance(Constructor.java:422)
	at org.openqa.selenium.remote.ErrorHandler.createThrowable(ErrorHandler.java:206)
	at org.openqa.selenium.remote.ErrorHandler.throwIfResponseFailed(ErrorHandler.java:158)
	at org.openqa.selenium.remote.RemoteWebDriver.execute(RemoteWebDriver.java:595)
	at org.openqa.selenium.remote.RemoteWebElement.execute(RemoteWebElement.java:273)
	at org.openqa.selenium.remote.RemoteWebElement.click(RemoteWebElement.java:84)
	at com.bmo.pages.StandardPage.enterFinancialInformation(StandardPage.java:158)
	at com.bmo.tests.StandardTest.testApp(StandardTest.java:19)
	at sun.reflect.NativeMethodAccessorImpl.invoke0(Native Method)
	at sun.reflect.NativeMethodAccessorImpl.invoke(NativeMethodAccessorImpl.java:62)
	at sun.reflect.DelegatingMethodAccessorImpl.invoke(DelegatingMethodAccessorImpl.java:43)
	at java.lang.reflect.Method.invoke(Method.java:497)
	at org.testng.internal.MethodInvocationHelper.invokeMethod(MethodInvocationHelper.java:85)
	at org.testng.internal.Invoker.invokeMethod(Invoker.java:648)
	at org.testng.internal.Invoker.invokeTestMethod(Invoker.java:834)
	at org.testng.internal.Invoker.invokeTestMethods(Invoker.java:1142)
	at org.testng.internal.TestMethodWorker.invokeTestMethods(TestMethodWorker.java:124)
	at org.testng.internal.TestMethodWorker.run(TestMethodWorker.java:108)
	at org.testng.TestRunner.privateRun(TestRunner.java:771)
	at org.testng.TestRunner.run(TestRunner.java:621)
	at org.testng.SuiteRunner.runTest(SuiteRunner.java:357)
	at org.testng.SuiteRunner.runSequentially(SuiteRunner.java:352)
	at org.testng.SuiteRunner.privateRun(SuiteRunner.java:310)
	at org.testng.SuiteRunner.run(SuiteRunner.java:259)
	at org.testng.SuiteRunnerWorker.runSuite(SuiteRunnerWorker.java:52)
	at org.testng.SuiteRunnerWorker.run(SuiteRunnerWorker.java:86)
	at org.testng.TestNG.runSuitesSequentially(TestNG.java:1176)
	at org.testng.TestNG.runSuitesLocally(TestNG.java:1101)
	at org.testng.TestNG.run(TestNG.java:1009)
	at org.testng.remote.RemoteTestNG.run(RemoteTestNG.java:111)
	at org.testng.remote.RemoteTestNG.initAndRun(RemoteTestNG.java:204)
	at org.testng.remote.RemoteTestNG.main(RemoteTestNG.java:175)
]]>
    </failure>
  </testcase> <!-- testApp -->
</testsuite> <!-- Default test -->
