<?xml version="1.0" encoding="UTF-8"?>
<!-- Generated by org.testng.reporters.JUnitXMLReporter -->
<testsuite hostname="INsaikrisv.local" name="Command line test" tests="1" failures="0" timestamp="10 Aug 2015 03:41:45 GMT" time="0.015" errors="0">
  <testcase name="@BeforeMethod getDriver" time="0.0" classname="com.bmo.tests.StandardTest">
    <failure type="java.lang.NullPointerException">
      <![CDATA[java.lang.NullPointerException
	at com.bmo.common.BaseTest.getDriver(BaseTest.java:32)
	at org.apache.maven.surefire.testng.TestNGExecutor.run(TestNGExecutor.java:77)
	at org.apache.maven.surefire.testng.TestNGDirectoryTestSuite.executeMulti(TestNGDirectoryTestSuite.java:159)
	at org.apache.maven.surefire.testng.TestNGDirectoryTestSuite.execute(TestNGDirectoryTestSuite.java:99)
	at org.apache.maven.surefire.testng.TestNGProvider.invoke(TestNGProvider.java:106)
	at org.apache.maven.surefire.util.ReflectionUtils.invokeMethodWithArray(ReflectionUtils.java:189)
	at org.apache.maven.surefire.booter.ProviderFactory$ProviderProxy.invoke(ProviderFactory.java:165)
	at org.apache.maven.surefire.booter.ProviderFactory.invokeProvider(ProviderFactory.java:85)
	at org.apache.maven.surefire.booter.ForkedBooter.runSuitesInProcess(ForkedBooter.java:115)
	at org.apache.maven.surefire.booter.ForkedBooter.main(ForkedBooter.java:75)
... Removed 27 stack frames]]>
    </failure>
  </testcase> <!-- @BeforeMethod getDriver -->
  <testcase name="@AfterMethod testDown" time="0.0" classname="com.bmo.tests.StandardTest">
    <skipped/>
  </testcase> <!-- @AfterMethod testDown -->
  <testcase name="testApp" time="0.0" classname="com.bmo.tests.StandardTest">
    <skipped/>
  </testcase> <!-- testApp -->
</testsuite> <!-- Command line test -->
